Base path: 'C:/Program Files/Unity/Hub/Editor/6000.0.40f1/Editor/Data', plugins path 'C:/Program Files/Unity/Hub/Editor/6000.0.40f1/Editor/Data/PlaybackEngines'
Cmd: initializeCompiler

Cmd: preprocess
 insize=1345 file=Assets/UMotionEditor/Shaders/WiresOnly.shader surfaceOnly=0 buildPlatform=19 validAPIs=295440 pKW=SHADER_API_DESKTOP UNITY_PLATFORM_SUPPORTS_DEPTH_FETCH dKW=UNITY_NO_DXT5nm UNITY_ENABLE_REFLECTION_BUFFERS UNITY_FRAMEBUFFER_FETCH_AVAILABLE UNITY_METAL_SHADOWS_USE_POINT_FILTERING UNITY_NO_SCREENSPACE_SHADOWS UNITY_USE_DITHER_MASK_FOR_ALPHABLENDED_SHADOWS UNITY_PBS_USE_BRDF1 UNITY_PBS_USE_BRDF2 UNITY_PBS_USE_BRDF3 UNITY_SPECCUBE_BOX_PROJECTION UNITY_SPECCUBE_BLENDING UNITY_ENABLE_DETAIL_NORMALMAP UNITY_HARDWARE_TIER1 UNITY_HARDWARE_TIER2 UNITY_HARDWARE_TIER3 UNITY_COLORSPACE_GAMMA UNITY_LIGHT_PROBE_PROXY_VOLUME UNITY_LIGHTMAP_DLDR_ENCODING UNITY_LIGHTMAP_RGBM_ENCODING UNITY_LIGHTMAP_FULL_HDR UNITY_VIRTUAL_TEXTURING UNITY_PRETRANSFORM_TO_DISPLAY_ORIENTATION UNITY_ASTC_NORMALMAP_ENCODING SHADER_API_GLES30 UNITY_UNIFIED_SHADER_PRECISION_MODEL ok=1 outsize=482

Cmd: preprocess
 insize=1194 file=Assets/UMotionEditor/Shaders/UnlitLine.shader surfaceOnly=0 buildPlatform=19 validAPIs=295440 pKW=SHADER_API_DESKTOP UNITY_PLATFORM_SUPPORTS_DEPTH_FETCH dKW=UNITY_NO_DXT5nm UNITY_ENABLE_REFLECTION_BUFFERS UNITY_FRAMEBUFFER_FETCH_AVAILABLE UNITY_METAL_SHADOWS_USE_POINT_FILTERING UNITY_NO_SCREENSPACE_SHADOWS UNITY_USE_DITHER_MASK_FOR_ALPHABLENDED_SHADOWS UNITY_PBS_USE_BRDF1 UNITY_PBS_USE_BRDF2 UNITY_PBS_USE_BRDF3 UNITY_SPECCUBE_BOX_PROJECTION UNITY_SPECCUBE_BLENDING UNITY_ENABLE_DETAIL_NORMALMAP UNITY_HARDWARE_TIER1 UNITY_HARDWARE_TIER2 UNITY_HARDWARE_TIER3 UNITY_COLORSPACE_GAMMA UNITY_LIGHT_PROBE_PROXY_VOLUME UNITY_LIGHTMAP_DLDR_ENCODING UNITY_LIGHTMAP_RGBM_ENCODING UNITY_LIGHTMAP_FULL_HDR UNITY_VIRTUAL_TEXTURING UNITY_PRETRANSFORM_TO_DISPLAY_ORIENTATION UNITY_ASTC_NORMALMAP_ENCODING SHADER_API_GLES30 UNITY_UNIFIED_SHADER_PRECISION_MODEL ok=1 outsize=501

Cmd: preprocess
 insize=1545 file=Assets/UMotionEditor/Shaders/UnlitDashedLine.shader surfaceOnly=0 buildPlatform=19 validAPIs=295440 pKW=SHADER_API_DESKTOP UNITY_PLATFORM_SUPPORTS_DEPTH_FETCH dKW=UNITY_NO_DXT5nm UNITY_ENABLE_REFLECTION_BUFFERS UNITY_FRAMEBUFFER_FETCH_AVAILABLE UNITY_METAL_SHADOWS_USE_POINT_FILTERING UNITY_NO_SCREENSPACE_SHADOWS UNITY_USE_DITHER_MASK_FOR_ALPHABLENDED_SHADOWS UNITY_PBS_USE_BRDF1 UNITY_PBS_USE_BRDF2 UNITY_PBS_USE_BRDF3 UNITY_SPECCUBE_BOX_PROJECTION UNITY_SPECCUBE_BLENDING UNITY_ENABLE_DETAIL_NORMALMAP UNITY_HARDWARE_TIER1 UNITY_HARDWARE_TIER2 UNITY_HARDWARE_TIER3 UNITY_COLORSPACE_GAMMA UNITY_LIGHT_PROBE_PROXY_VOLUME UNITY_LIGHTMAP_DLDR_ENCODING UNITY_LIGHTMAP_RGBM_ENCODING UNITY_LIGHTMAP_FULL_HDR UNITY_VIRTUAL_TEXTURING UNITY_PRETRANSFORM_TO_DISPLAY_ORIENTATION UNITY_ASTC_NORMALMAP_ENCODING SHADER_API_GLES30 UNITY_UNIFIED_SHADER_PRECISION_MODEL ok=1 outsize=589

Cmd: preprocess
 insize=1731 file=Assets/UMotionEditor/Shaders/CameraLit.shader surfaceOnly=0 buildPlatform=19 validAPIs=295440 pKW=SHADER_API_DESKTOP UNITY_PLATFORM_SUPPORTS_DEPTH_FETCH dKW=UNITY_NO_DXT5nm UNITY_ENABLE_REFLECTION_BUFFERS UNITY_FRAMEBUFFER_FETCH_AVAILABLE UNITY_METAL_SHADOWS_USE_POINT_FILTERING UNITY_NO_SCREENSPACE_SHADOWS UNITY_USE_DITHER_MASK_FOR_ALPHABLENDED_SHADOWS UNITY_PBS_USE_BRDF1 UNITY_PBS_USE_BRDF2 UNITY_PBS_USE_BRDF3 UNITY_SPECCUBE_BOX_PROJECTION UNITY_SPECCUBE_BLENDING UNITY_ENABLE_DETAIL_NORMALMAP UNITY_HARDWARE_TIER1 UNITY_HARDWARE_TIER2 UNITY_HARDWARE_TIER3 UNITY_COLORSPACE_GAMMA UNITY_LIGHT_PROBE_PROXY_VOLUME UNITY_LIGHTMAP_DLDR_ENCODING UNITY_LIGHTMAP_RGBM_ENCODING UNITY_LIGHTMAP_FULL_HDR UNITY_VIRTUAL_TEXTURING UNITY_PRETRANSFORM_TO_DISPLAY_ORIENTATION UNITY_ASTC_NORMALMAP_ENCODING SHADER_API_GLES30 UNITY_UNIFIED_SHADER_PRECISION_MODEL ok=1 outsize=447

Cmd: preprocess
 insize=509 file=Assets/UMotionEditor/Shaders/VertexColorUnlit.shader surfaceOnly=0 buildPlatform=19 validAPIs=295440 pKW=SHADER_API_DESKTOP UNITY_PLATFORM_SUPPORTS_DEPTH_FETCH dKW=UNITY_NO_DXT5nm UNITY_ENABLE_REFLECTION_BUFFERS UNITY_FRAMEBUFFER_FETCH_AVAILABLE UNITY_METAL_SHADOWS_USE_POINT_FILTERING UNITY_NO_SCREENSPACE_SHADOWS UNITY_USE_DITHER_MASK_FOR_ALPHABLENDED_SHADOWS UNITY_PBS_USE_BRDF1 UNITY_PBS_USE_BRDF2 UNITY_PBS_USE_BRDF3 UNITY_SPECCUBE_BOX_PROJECTION UNITY_SPECCUBE_BLENDING UNITY_ENABLE_DETAIL_NORMALMAP UNITY_HARDWARE_TIER1 UNITY_HARDWARE_TIER2 UNITY_HARDWARE_TIER3 UNITY_COLORSPACE_GAMMA UNITY_LIGHT_PROBE_PROXY_VOLUME UNITY_LIGHTMAP_DLDR_ENCODING UNITY_LIGHTMAP_RGBM_ENCODING UNITY_LIGHTMAP_FULL_HDR UNITY_VIRTUAL_TEXTURING UNITY_PRETRANSFORM_TO_DISPLAY_ORIENTATION UNITY_ASTC_NORMALMAP_ENCODING SHADER_API_GLES30 UNITY_UNIFIED_SHADER_PRECISION_MODEL ok=1 outsize=506

Cmd: preprocess
 insize=1136 file=Assets/UMotionEditor/Shaders/ColorUnlit.shader surfaceOnly=0 buildPlatform=19 validAPIs=295440 pKW=SHADER_API_DESKTOP UNITY_PLATFORM_SUPPORTS_DEPTH_FETCH dKW=UNITY_NO_DXT5nm UNITY_ENABLE_REFLECTION_BUFFERS UNITY_FRAMEBUFFER_FETCH_AVAILABLE UNITY_METAL_SHADOWS_USE_POINT_FILTERING UNITY_NO_SCREENSPACE_SHADOWS UNITY_USE_DITHER_MASK_FOR_ALPHABLENDED_SHADOWS UNITY_PBS_USE_BRDF1 UNITY_PBS_USE_BRDF2 UNITY_PBS_USE_BRDF3 UNITY_SPECCUBE_BOX_PROJECTION UNITY_SPECCUBE_BLENDING UNITY_ENABLE_DETAIL_NORMALMAP UNITY_HARDWARE_TIER1 UNITY_HARDWARE_TIER2 UNITY_HARDWARE_TIER3 UNITY_COLORSPACE_GAMMA UNITY_LIGHT_PROBE_PROXY_VOLUME UNITY_LIGHTMAP_DLDR_ENCODING UNITY_LIGHTMAP_RGBM_ENCODING UNITY_LIGHTMAP_FULL_HDR UNITY_VIRTUAL_TEXTURING UNITY_PRETRANSFORM_TO_DISPLAY_ORIENTATION UNITY_ASTC_NORMALMAP_ENCODING SHADER_API_GLES30 UNITY_UNIFIED_SHADER_PRECISION_MODEL ok=1 outsize=384

Cmd: preprocess
 insize=8679 file=Assets/Unity Asset Store/Creatures_Pack/Creature_Insect/Materials/Standard_Two_Sided (2).shader surfaceOnly=0 buildPlatform=19 validAPIs=295440 pKW=SHADER_API_DESKTOP UNITY_PLATFORM_SUPPORTS_DEPTH_FETCH dKW=UNITY_NO_DXT5nm UNITY_ENABLE_REFLECTION_BUFFERS UNITY_FRAMEBUFFER_FETCH_AVAILABLE UNITY_METAL_SHADOWS_USE_POINT_FILTERING UNITY_NO_SCREENSPACE_SHADOWS UNITY_USE_DITHER_MASK_FOR_ALPHABLENDED_SHADOWS UNITY_PBS_USE_BRDF1 UNITY_PBS_USE_BRDF2 UNITY_PBS_USE_BRDF3 UNITY_SPECCUBE_BOX_PROJECTION UNITY_SPECCUBE_BLENDING UNITY_ENABLE_DETAIL_NORMALMAP UNITY_HARDWARE_TIER1 UNITY_HARDWARE_TIER2 UNITY_HARDWARE_TIER3 UNITY_COLORSPACE_GAMMA UNITY_LIGHT_PROBE_PROXY_VOLUME UNITY_LIGHTMAP_DLDR_ENCODING UNITY_LIGHTMAP_RGBM_ENCODING UNITY_LIGHTMAP_FULL_HDR UNITY_VIRTUAL_TEXTURING UNITY_PRETRANSFORM_TO_DISPLAY_ORIENTATION UNITY_ASTC_NORMALMAP_ENCODING SHADER_API_GLES30 UNITY_UNIFIED_SHADER_PRECISION_MODEL  error: 1 plat 28 at (73): Unrecognized #pragma directive: shaderfeature
  error: 1 plat 28 at (74): Unrecognized #pragma directive: shaderfeature
  error: 1 plat 28 at (75): Unrecognized #pragma directive: shaderfeature
  error: 1 plat 28 at (76): Unrecognized #pragma directive: shaderfeature
  error: 1 plat 28 at (77): Unrecognized #pragma directive: shaderfeature
  error: 1 plat 28 at (78): Unrecognized #pragma directive: shaderfeature
  error: 1 plat 28 at (79): Unrecognized #pragma directive: shaderfeature
  error: 1 plat 28 at (80): Unrecognized #pragma directive: shaderfeature
  error: 1 plat 28 at (81): Unrecognized #pragma directive: shaderfeature
  error: 1 plat 28 at (83): Unrecognized #pragma directive: multicompilefwdbase
  error: 1 plat 28 at (84): Unrecognized #pragma directive: multicompilefog
  error: 1 plat 28 at (109): Unrecognized #pragma directive: shaderfeature
  error: 1 plat 28 at (110): Unrecognized #pragma directive: shaderfeature
  error: 1 plat 28 at (111): Unrecognized #pragma directive: shaderfeature
  error: 1 plat 28 at (112): Unrecognized #pragma directive: shaderfeature
  error: 1 plat 28 at (113): Unrecognized #pragma directive: shaderfeature
  error: 1 plat 28 at (114): Unrecognized #pragma directive: shaderfeature
  error: 1 plat 28 at (115): Unrecognized #pragma directive: shaderfeature
  error: 1 plat 28 at (117): Unrecognized #pragma directive: multicompilefwdaddfullshadows
  error: 1 plat 28 at (118): Unrecognized #pragma directive: multicompilefog
  error: 1 plat 28 at (141): Unrecognized #pragma directive: shaderfeature
  error: 1 plat 28 at (142): Unrecognized #pragma directive: multicompileshadowcaster
  error: 1 plat 28 at (160): Unrecognized #pragma directive: excluderenderers
  error: 1 plat 28 at (165): Unrecognized #pragma directive: shaderfeature
  error: 1 plat 28 at (166): Unrecognized #pragma directive: shaderfeature
  error: 1 plat 28 at (167): Unrecognized #pragma directive: shaderfeature
  error: 1 plat 28 at (168): Unrecognized #pragma directive: shaderfeature
  error: 1 plat 28 at (169): Unrecognized #pragma directive: shaderfeature
  error: 1 plat 28 at (170): Unrecognized #pragma directive: shaderfeature
  error: 1 plat 28 at (171): Unrecognized #pragma directive: shaderfeature
  error: 1 plat 28 at (172): Unrecognized #pragma directive: shaderfeature
  error: 1 plat 28 at (174): Unrecognized #pragma directive: multicompile
  error: 1 plat 28 at (175): Unrecognized #pragma directive: multicompile
  error: 1 plat 28 at (176): Unrecognized #pragma directive: multicompile
  error: 1 plat 28 at (177): Unrecognized #pragma directive: multicompile
  error: 1 plat 28 at (201): Unrecognized #pragma directive: shaderfeature
  error: 1 plat 28 at (202): Unrecognized #pragma directive: shaderfeature
  error: 1 plat 28 at (203): Unrecognized #pragma directive: shaderfeature
  error: 1 plat 28 at (204): Unrecognized #pragma directive: shaderfeature
  error: 1 plat 28 at (229): Unrecognized #pragma directive: shaderfeature
  error: 1 plat 28 at (230): Unrecognized #pragma directive: shaderfeature
  error: 1 plat 28 at (231): Unrecognized #pragma directive: shaderfeature
  error: 1 plat 28 at (232): Unrecognized #pragma directive: shaderfeature
  error: 1 plat 28 at (233): Unrecognized #pragma directive: shaderfeature
  error: 1 plat 28 at (234): Unrecognized #pragma directive: shaderfeature
  error: 1 plat 28 at (235): Unrecognized #pragma directive: shaderfeature
  error: 1 plat 28 at (239): Unrecognized #pragma directive: skipvariants
  error: 1 plat 28 at (241): Unrecognized #pragma directive: multicompilefwdbase
  error: 1 plat 28 at (242): Unrecognized #pragma directive: multicompilefog
  error: 1 plat 28 at (264): Unrecognized #pragma directive: shaderfeature
  error: 1 plat 28 at (265): Unrecognized #pragma directive: shaderfeature
  error: 1 plat 28 at (266): Unrecognized #pragma directive: shaderfeature
  error: 1 plat 28 at (267): Unrecognized #pragma directive: shaderfeature
  error: 1 plat 28 at (268): Unrecognized #pragma directive: shaderfeature
  error: 1 plat 28 at (269): Unrecognized #pragma directive: shaderfeature
  error: 1 plat 28 at (271): Unrecognized #pragma directive: skipvariants
  error: 1 plat 28 at (273): Unrecognized #pragma directive: multicompilefwdaddfullshadows
  error: 1 plat 28 at (274): Unrecognized #pragma directive: multicompilefog
  error: 1 plat 28 at (293): Unrecognized #pragma directive: shaderfeature
  error: 1 plat 28 at (294): Unrecognized #pragma directive: skipvariants
  error: 1 plat 28 at (295): Unrecognized #pragma directive: multicompileshadowcaster
  error: 1 plat 28 at (319): Unrecognized #pragma directive: shaderfeature
  error: 1 plat 28 at (320): Unrecognized #pragma directive: shaderfeature
  error: 1 plat 28 at (321): Unrecognized #pragma directive: shaderfeature
  error: 1 plat 28 at (322): Unrecognized #pragma directive: shaderfeature
 ok=1 outsize=4469

Cmd: preprocess
 insize=1208 file=Assets/UMotionEditor/Shaders/ColorUnlitTransparent.shader surfaceOnly=0 buildPlatform=19 validAPIs=295440 pKW=SHADER_API_DESKTOP UNITY_PLATFORM_SUPPORTS_DEPTH_FETCH dKW=UNITY_NO_DXT5nm UNITY_ENABLE_REFLECTION_BUFFERS UNITY_FRAMEBUFFER_FETCH_AVAILABLE UNITY_METAL_SHADOWS_USE_POINT_FILTERING UNITY_NO_SCREENSPACE_SHADOWS UNITY_USE_DITHER_MASK_FOR_ALPHABLENDED_SHADOWS UNITY_PBS_USE_BRDF1 UNITY_PBS_USE_BRDF2 UNITY_PBS_USE_BRDF3 UNITY_SPECCUBE_BOX_PROJECTION UNITY_SPECCUBE_BLENDING UNITY_ENABLE_DETAIL_NORMALMAP UNITY_HARDWARE_TIER1 UNITY_HARDWARE_TIER2 UNITY_HARDWARE_TIER3 UNITY_COLORSPACE_GAMMA UNITY_LIGHT_PROBE_PROXY_VOLUME UNITY_LIGHTMAP_DLDR_ENCODING UNITY_LIGHTMAP_RGBM_ENCODING UNITY_LIGHTMAP_FULL_HDR UNITY_VIRTUAL_TEXTURING UNITY_PRETRANSFORM_TO_DISPLAY_ORIENTATION UNITY_ASTC_NORMALMAP_ENCODING SHADER_API_GLES30 UNITY_UNIFIED_SHADER_PRECISION_MODEL ok=1 outsize=456

